
info [Mon Jun 05 2023 10:00:23 GMT-0500 (Colombia Standard Time)]  {
  status: true,
  data: [
    { id: 'HNUFET65s3XLwggi6MkC', name: 'Piura' },
    { id: 'eISm8kbL9qQQPkritkdp', name: 'Lima' }
  ],
  message: 'Getting all headquarters successfully',
  responseCode: 200
}
info [Mon Jun 05 2023 10:00:24 GMT-0500 (Colombia Standard Time)]  {
  status: true,
  data: [
    {
      id: '  CJySWN6Ds11PoiZCVlyH ',
      name: 'Development Day',
      status: 'created',
      address: '121 Main Street',
      eventDate: '2023-06-15T17:00:00.000',
      year: 2023,
      headquarter: { name: 'Piura', id: 'HNUFET65s3XLwggi6MkC' }
    },
    {
      id: 'Oa3cDRFry9ol8ELXxuYM',
      status: 'created',
      name: 'Storm',
      address: '121 Main Street',
      eventDate: '2023-03-15T17:00:00.000',
      year: 2023
    },
    {
      id: '  dq5vShLrhw9fRwUbux6m ',
      status: 'created',
      name: 'Labor day',
      address: '120 Main Street',
      eventDate: '2023-05-15T17:00:00.000',
      year: 2023,
      headquarter: { name: 'Lima', id: 'eISm8kbL9qQQPkritkdp' }
    },
    {
      id: '  pIlncD8U2U8H6tnlEDC8',
      year: 2024,
      eventDate: '2024-05-15T17:00:00.000',
      address: '125 Main Street',
      name: 'WWDC 2023',
      status: 'created'
    }
  ],
  message: 'Getting all events successfully',
  responseCode: 200
}



info [Mon Jun 05 2023 15:11:45 GMT-0500 (Colombia Standard Time)]  {
  status: true,
  data: [
    { id: 'HNUFET65s3XLwggi6MkC', name: 'Piura' },
    { id: 'eISm8kbL9qQQPkritkdp', name: 'Lima' }
  ],
  message: 'Getting all headquarters successfully',
  responseCode: 200
}
info [Mon Jun 05 2023 15:11:45 GMT-0500 (Colombia Standard Time)]  {
  status: true,
  data: [
    {
      id: '  CJySWN6Ds11PoiZCVlyH ',
      name: 'Development Day',
      status: 'created',
      address: '121 Main Street',
      eventDate: '2023-06-15T17:00:00.000',
      year: 2023,
      headquarter: { name: 'Piura', id: 'HNUFET65s3XLwggi6MkC' }
    },
    {
      id: 'Oa3cDRFry9ol8ELXxuYM',
      status: 'created',
      name: 'Storm',
      address: '121 Main Street',
      eventDate: '2023-03-15T17:00:00.000',
      year: 2023
    },
    {
      id: '  dq5vShLrhw9fRwUbux6m ',
      status: 'created',
      name: 'Labor day',
      address: '120 Main Street',
      eventDate: '2023-05-15T17:00:00.000',
      year: 2023,
      headquarter: { name: 'Lima', id: 'eISm8kbL9qQQPkritkdp' }
    },
    {
      id: '  pIlncD8U2U8H6tnlEDC8',
      year: 2024,
      eventDate: '2024-05-15T17:00:00.000',
      address: '125 Main Street',
      name: 'WWDC 2023',
      status: 'created'
    }
  ],
  message: 'Getting all events successfully',
  responseCode: 200
}

info [Mon Jun 05 2023 15:41:50 GMT-0500 (Colombia Standard Time)]  {
  status: true,
  data: [
    { id: 'HNUFET65s3XLwggi6MkC', name: 'Piura' },
    { id: 'eISm8kbL9qQQPkritkdp', name: 'Lima' }
  ],
  message: 'Getting all headquarters successfully',
  responseCode: 200
}
info [Mon Jun 05 2023 15:41:50 GMT-0500 (Colombia Standard Time)]  {
  status: true,
  data: [
    {
      id: '  CJySWN6Ds11PoiZCVlyH ',
      name: 'Development Day',
      status: 'created',
      address: '121 Main Street',
      eventDate: '2023-06-15T17:00:00.000',
      year: 2023,
      headquarter: { name: 'Piura', id: 'HNUFET65s3XLwggi6MkC' }
    },
    {
      id: 'Oa3cDRFry9ol8ELXxuYM',
      status: 'created',
      name: 'Storm',
      address: '121 Main Street',
      eventDate: '2023-03-15T17:00:00.000',
      year: 2023
    },
    {
      id: '  dq5vShLrhw9fRwUbux6m ',
      status: 'created',
      name: 'Labor day',
      address: '120 Main Street',
      eventDate: '2023-05-15T17:00:00.000',
      year: 2023,
      headquarter: { name: 'Lima', id: 'eISm8kbL9qQQPkritkdp' }
    },
    {
      id: '  pIlncD8U2U8H6tnlEDC8',
      year: 2024,
      eventDate: '2024-05-15T17:00:00.000',
      address: '125 Main Street',
      name: 'WWDC 2023',
      status: 'created'
    }
  ],
  message: 'Getting all events successfully',
  responseCode: 200
}
